0 info it worked if it ends with ok
1 verbose cli [ 'node', '/usr/local/bin/npm', 'uninstall', 'gulp-concat' ]
2 info using npm@1.4.28
3 info using node@v0.10.36
4 verbose node_modules/gulp-concat unbuild
5 info preuninstall gulp-concat@2.6.0
6 info uninstall gulp-concat@2.6.0
7 verbose true,/Users/changfb/Documents/life-viz-v2/node_modules,/Users/changfb/Documents/life-viz-v2/node_modules unbuild gulp-concat@2.6.0
8 info postuninstall gulp-concat@2.6.0
9 error Error: EACCES, unlink '/Users/changfb/Documents/life-viz-v2/node_modules/gulp-concat/node_modules/gulp-util/node_modules/.bin/dateformat'
9 error  { [Error: EACCES, unlink '/Users/changfb/Documents/life-viz-v2/node_modules/gulp-concat/node_modules/gulp-util/node_modules/.bin/dateformat']
9 error   errno: 3,
9 error   code: 'EACCES',
9 error   path: '/Users/changfb/Documents/life-viz-v2/node_modules/gulp-concat/node_modules/gulp-util/node_modules/.bin/dateformat' }
10 error Please try running this command again as root/Administrator.
11 error System Darwin 14.5.0
12 error command "node" "/usr/local/bin/npm" "uninstall" "gulp-concat"
13 error cwd /Users/changfb/Documents/life-viz-v2
14 error node -v v0.10.36
15 error npm -v 1.4.28
16 error path /Users/changfb/Documents/life-viz-v2/node_modules/gulp-concat/node_modules/gulp-util/node_modules/.bin/dateformat
17 error code EACCES
18 error errno 3
19 error stack Error: EACCES, unlink '/Users/changfb/Documents/life-viz-v2/node_modules/gulp-concat/node_modules/gulp-util/node_modules/.bin/dateformat'
20 verbose exit [ 3, true ]
